<?xml version="1.0" encoding="UTF-8"?>
<testsuite name="org.apache.commons.csv.CSVPrinterTest" time="2.172" tests="46" errors="0" skipped="0" failures="0">
  <properties>
    <property name="java.runtime.name" value="Java(TM) SE Runtime Environment"/>
    <property name="sun.boot.library.path" value="/Library/Java/JavaVirtualMachines/jdk1.8.0_51.jdk/Contents/Home/jre/lib"/>
    <property name="java.vm.version" value="25.51-b03"/>
    <property name="user.country.format" value="PK"/>
    <property name="gopherProxySet" value="false"/>
    <property name="java.vm.vendor" value="Oracle Corporation"/>
    <property name="maven.multiModuleProjectDirectory" value="/Users/Sufyan/crossoverProject/commons-csv"/>
    <property name="java.vendor.url" value="http://java.oracle.com/"/>
    <property name="path.separator" value=":"/>
    <property name="guice.disable.misplaced.annotation.check" value="true"/>
    <property name="java.vm.name" value="Java HotSpot(TM) 64-Bit Server VM"/>
    <property name="file.encoding.pkg" value="sun.io"/>
    <property name="user.country" value="US"/>
    <property name="sun.java.launcher" value="SUN_STANDARD"/>
    <property name="sun.os.patch.level" value="unknown"/>
    <property name="java.vm.specification.name" value="Java Virtual Machine Specification"/>
    <property name="user.dir" value="/Users/Sufyan/crossoverProject/commons-csv"/>
    <property name="java.runtime.version" value="1.8.0_51-b16"/>
    <property name="java.awt.graphicsenv" value="sun.awt.CGraphicsEnvironment"/>
    <property name="java.endorsed.dirs" value="/Library/Java/JavaVirtualMachines/jdk1.8.0_51.jdk/Contents/Home/jre/lib/endorsed"/>
    <property name="os.arch" value="x86_64"/>
    <property name="java.io.tmpdir" value="/var/folders/t5/bbryqxf91mx1kcp4jq7dmhbc0000gq/T/"/>
    <property name="line.separator" value="&#10;"/>
    <property name="java.vm.specification.vendor" value="Oracle Corporation"/>
    <property name="os.name" value="Mac OS X"/>
    <property name="classworlds.conf" value="/Users/Sufyan/apache-maven-3.5.0/bin/m2.conf"/>
    <property name="sun.jnu.encoding" value="UTF-8"/>
    <property name="java.library.path" value="/Users/Sufyan/Library/Java/Extensions:/Library/Java/Extensions:/Network/Library/Java/Extensions:/System/Library/Java/Extensions:/usr/lib/java:."/>
    <property name="maven.conf" value="/Users/Sufyan/apache-maven-3.5.0/conf"/>
    <property name="java.specification.name" value="Java Platform API Specification"/>
    <property name="java.class.version" value="52.0"/>
    <property name="sun.management.compiler" value="HotSpot 64-Bit Tiered Compilers"/>
    <property name="os.version" value="10.11"/>
    <property name="library.jansi.path" value="/Users/Sufyan/apache-maven-3.5.0/lib/jansi-native/osx64"/>
    <property name="http.nonProxyHosts" value="local|*.local|169.254/16|*.169.254/16"/>
    <property name="user.home" value="/Users/Sufyan"/>
    <property name="user.timezone" value="Asia/Karachi"/>
    <property name="java.awt.printerjob" value="sun.lwawt.macosx.CPrinterJob"/>
    <property name="java.specification.version" value="1.8"/>
    <property name="file.encoding" value="UTF-8"/>
    <property name="user.name" value="Sufyan"/>
    <property name="java.class.path" value="/Users/Sufyan/apache-maven-3.5.0/boot/plexus-classworlds-2.5.2.jar"/>
    <property name="java.vm.specification.version" value="1.8"/>
    <property name="sun.arch.data.model" value="64"/>
    <property name="java.home" value="/Library/Java/JavaVirtualMachines/jdk1.8.0_51.jdk/Contents/Home/jre"/>
    <property name="sun.java.command" value="org.codehaus.plexus.classworlds.launcher.Launcher test"/>
    <property name="java.specification.vendor" value="Oracle Corporation"/>
    <property name="user.language" value="en"/>
    <property name="awt.toolkit" value="sun.lwawt.macosx.LWCToolkit"/>
    <property name="java.vm.info" value="mixed mode"/>
    <property name="java.version" value="1.8.0_51"/>
    <property name="java.ext.dirs" value="/Users/Sufyan/Library/Java/Extensions:/Library/Java/JavaVirtualMachines/jdk1.8.0_51.jdk/Contents/Home/jre/lib/ext:/Library/Java/Extensions:/Network/Library/Java/Extensions:/System/Library/Java/Extensions:/usr/lib/java"/>
    <property name="sun.boot.class.path" value="/Library/Java/JavaVirtualMachines/jdk1.8.0_51.jdk/Contents/Home/jre/lib/resources.jar:/Library/Java/JavaVirtualMachines/jdk1.8.0_51.jdk/Contents/Home/jre/lib/rt.jar:/Library/Java/JavaVirtualMachines/jdk1.8.0_51.jdk/Contents/Home/jre/lib/sunrsasign.jar:/Library/Java/JavaVirtualMachines/jdk1.8.0_51.jdk/Contents/Home/jre/lib/jsse.jar:/Library/Java/JavaVirtualMachines/jdk1.8.0_51.jdk/Contents/Home/jre/lib/jce.jar:/Library/Java/JavaVirtualMachines/jdk1.8.0_51.jdk/Contents/Home/jre/lib/charsets.jar:/Library/Java/JavaVirtualMachines/jdk1.8.0_51.jdk/Contents/Home/jre/lib/jfr.jar:/Library/Java/JavaVirtualMachines/jdk1.8.0_51.jdk/Contents/Home/jre/classes"/>
    <property name="java.vendor" value="Oracle Corporation"/>
    <property name="maven.home" value="/Users/Sufyan/apache-maven-3.5.0"/>
    <property name="file.separator" value="/"/>
    <property name="java.vendor.url.bug" value="http://bugreport.sun.com/bugreport/"/>
    <property name="sun.cpu.endian" value="little"/>
    <property name="sun.io.unicode.encoding" value="UnicodeBig"/>
    <property name="socksNonProxyHosts" value="local|*.local|169.254/16|*.169.254/16"/>
    <property name="ftp.nonProxyHosts" value="local|*.local|169.254/16|*.169.254/16"/>
    <property name="sun.cpu.isalist" value=""/>
  </properties>
  <testcase name="testHeaderCommentTdf" classname="org.apache.commons.csv.CSVPrinterTest" time="0.011"/>
  <testcase name="testDelimeterQuoteNONE" classname="org.apache.commons.csv.CSVPrinterTest" time="0.001"/>
  <testcase name="testHeaderNotSet" classname="org.apache.commons.csv.CSVPrinterTest" time="0.001"/>
  <testcase name="testExcelPrintAllArrayOfLists" classname="org.apache.commons.csv.CSVPrinterTest" time="0"/>
  <testcase name="testPrint" classname="org.apache.commons.csv.CSVPrinterTest" time="0"/>
  <testcase name="testQuoteNonNumeric" classname="org.apache.commons.csv.CSVPrinterTest" time="0.001"/>
  <testcase name="testJdbcPrinterWithResultSetMetaData" classname="org.apache.commons.csv.CSVPrinterTest" time="0.808"/>
  <testcase name="testEOLEscaped" classname="org.apache.commons.csv.CSVPrinterTest" time="0"/>
  <testcase name="testPrinter1" classname="org.apache.commons.csv.CSVPrinterTest" time="0.001"/>
  <testcase name="testPrinter2" classname="org.apache.commons.csv.CSVPrinterTest" time="0"/>
  <testcase name="testPrinter3" classname="org.apache.commons.csv.CSVPrinterTest" time="0"/>
  <testcase name="testPrinter4" classname="org.apache.commons.csv.CSVPrinterTest" time="0"/>
  <testcase name="testPrinter5" classname="org.apache.commons.csv.CSVPrinterTest" time="0.001"/>
  <testcase name="testPrinter6" classname="org.apache.commons.csv.CSVPrinterTest" time="0"/>
  <testcase name="testPrinter7" classname="org.apache.commons.csv.CSVPrinterTest" time="0"/>
  <testcase name="testDelimiterPlain" classname="org.apache.commons.csv.CSVPrinterTest" time="0"/>
  <testcase name="testSingleQuoteQuoted" classname="org.apache.commons.csv.CSVPrinterTest" time="0"/>
  <testcase name="testQuoteAll" classname="org.apache.commons.csv.CSVPrinterTest" time="0.001"/>
  <testcase name="testEOLQuoted" classname="org.apache.commons.csv.CSVPrinterTest" time="0"/>
  <testcase name="testEOLPlain" classname="org.apache.commons.csv.CSVPrinterTest" time="0"/>
  <testcase name="testExcelPrintAllIterableOfLists" classname="org.apache.commons.csv.CSVPrinterTest" time="0"/>
  <testcase name="testDelimeterQuoted" classname="org.apache.commons.csv.CSVPrinterTest" time="0.001"/>
  <testcase name="testSkipHeaderRecordFalse" classname="org.apache.commons.csv.CSVPrinterTest" time="0"/>
  <testcase name="testPlainPlain" classname="org.apache.commons.csv.CSVPrinterTest" time="0"/>
  <testcase name="testSingleLineComment" classname="org.apache.commons.csv.CSVPrinterTest" time="0"/>
  <testcase name="testExcelPrintAllIterableOfArrays" classname="org.apache.commons.csv.CSVPrinterTest" time="0"/>
  <testcase name="testNewCsvPrinterAppendableNullFormat" classname="org.apache.commons.csv.CSVPrinterTest" time="0"/>
  <testcase name="testInvalidFormat" classname="org.apache.commons.csv.CSVPrinterTest" time="0"/>
  <testcase name="testMultiLineComment" classname="org.apache.commons.csv.CSVPrinterTest" time="0.001"/>
  <testcase name="testJdbcPrinterWithResultSet" classname="org.apache.commons.csv.CSVPrinterTest" time="0.006"/>
  <testcase name="testPlainQuoted" classname="org.apache.commons.csv.CSVPrinterTest" time="0"/>
  <testcase name="testExcelPrintAllArrayOfArrays" classname="org.apache.commons.csv.CSVPrinterTest" time="0"/>
  <testcase name="testJdbcPrinter" classname="org.apache.commons.csv.CSVPrinterTest" time="0.006"/>
  <testcase name="testSkipHeaderRecordTrue" classname="org.apache.commons.csv.CSVPrinterTest" time="0"/>
  <testcase name="testDelimiterEscaped" classname="org.apache.commons.csv.CSVPrinterTest" time="0"/>
  <testcase name="testHeader" classname="org.apache.commons.csv.CSVPrinterTest" time="0.001"/>
  <testcase name="testParseCustomNullValues" classname="org.apache.commons.csv.CSVPrinterTest" time="0"/>
  <testcase name="testPrintCustomNullValues" classname="org.apache.commons.csv.CSVPrinterTest" time="0"/>
  <testcase name="testPrintNullValues" classname="org.apache.commons.csv.CSVPrinterTest" time="0"/>
  <testcase name="testRandom" classname="org.apache.commons.csv.CSVPrinterTest" time="1.332"/>
  <testcase name="testHeaderCommentExcel" classname="org.apache.commons.csv.CSVPrinterTest" time="0"/>
  <testcase name="testExcelPrinter1" classname="org.apache.commons.csv.CSVPrinterTest" time="0"/>
  <testcase name="testExcelPrinter2" classname="org.apache.commons.csv.CSVPrinterTest" time="0"/>
  <testcase name="testNewCSVPrinterNullAppendableFormat" classname="org.apache.commons.csv.CSVPrinterTest" time="0"/>
  <testcase name="testPlainEscaped" classname="org.apache.commons.csv.CSVPrinterTest" time="0"/>
  <testcase name="testDisabledComment" classname="org.apache.commons.csv.CSVPrinterTest" time="0"/>
</testsuite>